<?xml version="1.0" encoding="UTF-8"?>
<testng-results skipped="0" failed="0" ignored="0" total="3" passed="3">
  <reporter-output>
  </reporter-output>
  <suite name="jpmcInterviewSolution.CucumberBDD.TestRunner" duration-ms="9297" started-at="2020-11-05T14:41:04 IST" finished-at="2020-11-05T14:41:13 IST">
    <groups>
      <group name="cucumber">
        <method signature="AbstractTestNGCucumberTests.runScenario(io.cucumber.testng.PickleWrapper, io.cucumber.testng.FeatureWrapper)[pri:0, instance:jpmcInterviewSolution.CucumberBDD.TestRunner@67784306]" name="runScenario" class="io.cucumber.testng.AbstractTestNGCucumberTests"/>
      </group> <!-- cucumber -->
    </groups>
    <test name="Command line test" duration-ms="9297" started-at="2020-11-05T14:41:04 IST" finished-at="2020-11-05T14:41:13 IST">
      <class name="jpmcInterviewSolution.CucumberBDD.TestRunner">
        <test-method status="PASS" signature="setUpClass()[pri:0, instance:jpmcInterviewSolution.CucumberBDD.TestRunner@67784306]" name="setUpClass" is-config="true" duration-ms="426" started-at="2020-11-05T14:41:04 IST" finished-at="2020-11-05T14:41:04 IST">
          <reporter-output>
          </reporter-output>
        </test-method> <!-- setUpClass -->
        <test-method status="PASS" signature="runScenario(io.cucumber.testng.PickleWrapper, io.cucumber.testng.FeatureWrapper)[pri:0, instance:jpmcInterviewSolution.CucumberBDD.TestRunner@67784306]" name="runScenario" duration-ms="6076" started-at="2020-11-05T14:41:04 IST" description="Runs Cucumber Scenarios" data-provider="scenarios" finished-at="2020-11-05T14:41:10 IST">
          <params>
            <param index="0">
              <value>
                <![CDATA["Verify the first news in The Garudian News Home Page"]]>
              </value>
            </param>
            <param index="1">
              <value>
                <![CDATA["Optional[Verify the AUTHENTICITY of THE GAURDIAN NEWS]"]]>
              </value>
            </param>
          </params>
          <reporter-output>
          </reporter-output>
        </test-method> <!-- runScenario -->
        <test-method status="PASS" signature="runScenario(io.cucumber.testng.PickleWrapper, io.cucumber.testng.FeatureWrapper)[pri:0, instance:jpmcInterviewSolution.CucumberBDD.TestRunner@67784306]" name="runScenario" duration-ms="2624" started-at="2020-11-05T14:41:10 IST" description="Runs Cucumber Scenarios" data-provider="scenarios" finished-at="2020-11-05T14:41:13 IST">
          <params>
            <param index="0">
              <value>
                <![CDATA["Verify the first search result is from The Gaurdian"]]>
              </value>
            </param>
            <param index="1">
              <value>
                <![CDATA["Optional[Verify the AUTHENTICITY of THE GAURDIAN NEWS]"]]>
              </value>
            </param>
          </params>
          <reporter-output>
          </reporter-output>
        </test-method> <!-- runScenario -->
        <test-method status="PASS" signature="runScenario(io.cucumber.testng.PickleWrapper, io.cucumber.testng.FeatureWrapper)[pri:0, instance:jpmcInterviewSolution.CucumberBDD.TestRunner@67784306]" name="runScenario" duration-ms="61" started-at="2020-11-05T14:41:13 IST" description="Runs Cucumber Scenarios" data-provider="scenarios" finished-at="2020-11-05T14:41:13 IST">
          <params>
            <param index="0">
              <value>
                <![CDATA["Verify the news from other sources"]]>
              </value>
            </param>
            <param index="1">
              <value>
                <![CDATA["Optional[Verify the AUTHENTICITY of THE GAURDIAN NEWS]"]]>
              </value>
            </param>
          </params>
          <reporter-output>
          </reporter-output>
        </test-method> <!-- runScenario -->
        <test-method status="PASS" signature="tearDownClass()[pri:0, instance:jpmcInterviewSolution.CucumberBDD.TestRunner@67784306]" name="tearDownClass" is-config="true" duration-ms="82" started-at="2020-11-05T14:41:13 IST" finished-at="2020-11-05T14:41:13 IST">
          <reporter-output>
          </reporter-output>
        </test-method> <!-- tearDownClass -->
      </class> <!-- jpmcInterviewSolution.CucumberBDD.TestRunner -->
    </test> <!-- Command line test -->
  </suite> <!-- jpmcInterviewSolution.CucumberBDD.TestRunner -->
</testng-results>
