<?xml version="1.0" encoding="UTF-8"?>
<testng-results skipped="0" failed="0" ignored="0" total="3" passed="3">
  <reporter-output>
  </reporter-output>
  <suite name="Default suite" duration-ms="9409" started-at="2020-11-05T14:37:27 IST" finished-at="2020-11-05T14:37:37 IST">
    <groups>
      <group name="cucumber">
        <method signature="AbstractTestNGCucumberTests.runScenario(io.cucumber.testng.PickleWrapper, io.cucumber.testng.FeatureWrapper)[pri:0, instance:jpmcInterviewSolution.CucumberBDD.TestRunner@433d61fb]" name="runScenario" class="io.cucumber.testng.AbstractTestNGCucumberTests"/>
      </group> <!-- cucumber -->
    </groups>
    <test name="Default test" duration-ms="9409" started-at="2020-11-05T14:37:27 IST" finished-at="2020-11-05T14:37:37 IST">
      <class name="jpmcInterviewSolution.CucumberBDD.TestRunner">
        <test-method status="PASS" signature="setUpClass()[pri:0, instance:jpmcInterviewSolution.CucumberBDD.TestRunner@433d61fb]" name="setUpClass" is-config="true" duration-ms="403" started-at="2020-11-05T14:37:27 IST" finished-at="2020-11-05T14:37:28 IST">
          <reporter-output>
          </reporter-output>
        </test-method> <!-- setUpClass -->
        <test-method status="PASS" signature="runScenario(io.cucumber.testng.PickleWrapper, io.cucumber.testng.FeatureWrapper)[pri:0, instance:jpmcInterviewSolution.CucumberBDD.TestRunner@433d61fb]" name="runScenario" duration-ms="6566" started-at="2020-11-05T14:37:28 IST" description="Runs Cucumber Scenarios" data-provider="scenarios" finished-at="2020-11-05T14:37:34 IST">
          <params>
            <param index="0">
              <value>
                <![CDATA["Verify the first news in The Garudian News Home Page"]]>
              </value>
            </param>
            <param index="1">
              <value>
                <![CDATA["Optional[Verify the AUTHENTICITY of THE GAURDIAN NEWS]"]]>
              </value>
            </param>
          </params>
          <reporter-output>
          </reporter-output>
        </test-method> <!-- runScenario -->
        <test-method status="PASS" signature="runScenario(io.cucumber.testng.PickleWrapper, io.cucumber.testng.FeatureWrapper)[pri:0, instance:jpmcInterviewSolution.CucumberBDD.TestRunner@433d61fb]" name="runScenario" duration-ms="2264" started-at="2020-11-05T14:37:34 IST" description="Runs Cucumber Scenarios" data-provider="scenarios" finished-at="2020-11-05T14:37:37 IST">
          <params>
            <param index="0">
              <value>
                <![CDATA["Verify the first search result is from The Gaurdian"]]>
              </value>
            </param>
            <param index="1">
              <value>
                <![CDATA["Optional[Verify the AUTHENTICITY of THE GAURDIAN NEWS]"]]>
              </value>
            </param>
          </params>
          <reporter-output>
          </reporter-output>
        </test-method> <!-- runScenario -->
        <test-method status="PASS" signature="runScenario(io.cucumber.testng.PickleWrapper, io.cucumber.testng.FeatureWrapper)[pri:0, instance:jpmcInterviewSolution.CucumberBDD.TestRunner@433d61fb]" name="runScenario" duration-ms="61" started-at="2020-11-05T14:37:37 IST" description="Runs Cucumber Scenarios" data-provider="scenarios" finished-at="2020-11-05T14:37:37 IST">
          <params>
            <param index="0">
              <value>
                <![CDATA["Verify the news from other sources"]]>
              </value>
            </param>
            <param index="1">
              <value>
                <![CDATA["Optional[Verify the AUTHENTICITY of THE GAURDIAN NEWS]"]]>
              </value>
            </param>
          </params>
          <reporter-output>
          </reporter-output>
        </test-method> <!-- runScenario -->
        <test-method status="PASS" signature="tearDownClass()[pri:0, instance:jpmcInterviewSolution.CucumberBDD.TestRunner@433d61fb]" name="tearDownClass" is-config="true" duration-ms="83" started-at="2020-11-05T14:37:37 IST" finished-at="2020-11-05T14:37:37 IST">
          <reporter-output>
          </reporter-output>
        </test-method> <!-- tearDownClass -->
      </class> <!-- jpmcInterviewSolution.CucumberBDD.TestRunner -->
    </test> <!-- Default test -->
  </suite> <!-- Default suite -->
</testng-results>
