<?xml version="1.0" encoding="UTF-8"?>
<!-- Generated by org.testng.reporters.JUnitXMLReporter -->
<testsuite hostname="Sandeep" ignored="0" name="Smoke" tests="4" failures="0" timestamp="2020-11-05T00:59:18 IST" time="5.091" errors="0">
  <testcase name="runScenario" time="4.551" classname="io.cucumber.testng.AbstractTestNGCucumberTests"/>
  <testcase name="runScenario" time="0.01" classname="io.cucumber.testng.AbstractTestNGCucumberTests"/>
  <testcase name="runScenario" time="0.004" classname="io.cucumber.testng.AbstractTestNGCucumberTests"/>
  <testcase name="runScenario" time="0.004" classname="io.cucumber.testng.AbstractTestNGCucumberTests"/>
</testsuite> <!-- Smoke -->
